<?xml version="1.0" encoding="UTF-8"?>
<testng-results skipped="0" failed="0" total="1" passed="1">
  <reporter-output>
  </reporter-output>
  <suite name="Default suite" duration-ms="52560" started-at="2022-01-07T03:41:53Z" finished-at="2022-01-07T03:42:45Z">
    <groups>
    </groups>
    <test name="Default test" duration-ms="52560" started-at="2022-01-07T03:41:53Z" finished-at="2022-01-07T03:42:45Z">
      <class name="pom.LoginTest_POM">
        <test-method status="PASS" signature="logintest()[pri:0, instance:pom.LoginTest_POM@2aafb23c]" name="logintest" duration-ms="52510" started-at="2022-01-07T09:11:53Z" finished-at="2022-01-07T09:12:45Z">
          <reporter-output>
          </reporter-output>
        </test-method> <!-- logintest -->
      </class> <!-- pom.LoginTest_POM -->
    </test> <!-- Default test -->
  </suite> <!-- Default suite -->
</testng-results>
