<?xml version="1.0" encoding="UTF-8"?>
<!-- Generated by org.testng.reporters.JUnitXMLReporter -->
<testsuite hostname="DESKTOP-ASB5QBL" name="Test cases" tests="2" failures="1" timestamp="6 Jan 2022 03:39:01 GMT" time="17.444" errors="0">
  <testcase name="org_EmpReg" time="8.556" classname="testNG.EmpReg_TC_TestNG"/>
  <testcase name="org_UserReg" time="0.004" classname="testNG.UserReg_TC_TestNG">
    <failure type="java.lang.NullPointerException">
      <![CDATA[java.lang.NullPointerException
	at testNG.UserReg_TC_TestNG.org_UserReg(UserReg_TC_TestNG.java:17)
... Removed 24 stack frames]]>
    </failure>
  </testcase> <!-- org_UserReg -->
</testsuite> <!-- Test cases -->
